Using pre-set license
Built from '2020.2/release' branch; Version is '2020.2.1f1 (270dd8c3da1c) revision 2559448'; Using compiler version '192528614'; Build Type 'Release'
OS: 'Windows 10  (10.0.0) 64bit' Language: 'en' Physical Memory: 8091 MB
BatchMode: 1, IsHumanControllingUs: 0, StartBugReporterOnCrash: 0, Is64bit: 1, IsPro: 0

 COMMAND LINE ARGUMENTS:
E:\Unity Versions\2020.2.1f1\Editor\Unity.exe
-adb2
-batchMode
-noUpm
-name
AssetImportWorker0
-projectPath
C:/Users/super/Desktop/My_Version/Castlevania-Remix
-logFile
Logs/AssetImportWorker0.log
-srvPort
64353
Successfully changed project path to: C:/Users/super/Desktop/My_Version/Castlevania-Remix
C:/Users/super/Desktop/My_Version/Castlevania-Remix
Using Asset Import Pipeline V2.
Refreshing native plugins compatible for Editor in 74.66 ms, found 1 plugins.
Preloading 0 native plugins for Editor in 0.00 ms.
Initialize engine version: 2020.2.1f1 (270dd8c3da1c)
[Subsystems] Discovering subsystems at path E:/Unity Versions/2020.2.1f1/Editor/Data/Resources/UnitySubsystems
[Subsystems] Discovering subsystems at path C:/Users/super/Desktop/My_Version/Castlevania-Remix/Assets
GfxDevice: creating device client; threaded=0
Direct3D:
    Version:  Direct3D 11.0 [level 11.1]
    Renderer: NVIDIA GeForce GTX 970M (ID=0x13d8)
    Vendor:   
    VRAM:     3029 MB
    Driver:   27.21.14.6140
Initialize mono
Mono path[0] = 'E:/Unity Versions/2020.2.1f1/Editor/Data/Managed'
Mono path[1] = 'E:/Unity Versions/2020.2.1f1/Editor/Data/MonoBleedingEdge/lib/mono/unityjit'
Mono config path = 'E:/Unity Versions/2020.2.1f1/Editor/Data/MonoBleedingEdge/etc'
Using monoOptions --debugger-agent=transport=dt_socket,embedding=1,server=y,suspend=n,address=127.0.0.1:56768
Begin MonoManager ReloadAssembly
Registering precompiled unity dll's ...
Register platform support module: E:/Unity Versions/2020.2.1f1/Editor/Data/PlaybackEngines/WebGLSupport/UnityEditor.WebGL.Extensions.dll
Register platform support module: E:/Unity Versions/2020.2.1f1/Editor/Data/PlaybackEngines/WindowsStandaloneSupport/UnityEditor.WindowsStandalone.Extensions.dll
Registered in 0.002322 seconds.
Native extension for WindowsStandalone target not found
Native extension for WebGL target not found
Refreshing native plugins compatible for Editor in 56.15 ms, found 1 plugins.
Preloading 0 native plugins for Editor in 0.00 ms.
Invoked RoslynAnalysisRunner static constructor.
RoslynAnalysisRunner will not be running.
RoslynAnalysisRunner has terminated.
Mono: successfully reloaded assembly
- Completed reload, in  1.934 seconds
Platform modules already initialized, skipping
Registering precompiled user dll's ...
Registered in 0.001780 seconds.
Begin MonoManager ReloadAssembly
Native extension for WindowsStandalone target not found
Native extension for WebGL target not found
Refreshing native plugins compatible for Editor in 65.75 ms, found 1 plugins.
Preloading 0 native plugins for Editor in 0.00 ms.
Invoked RoslynAnalysisRunner static constructor.
RoslynAnalysisRunner will not be running.
RoslynAnalysisRunner has terminated.
Mono: successfully reloaded assembly
- Completed reload, in  1.375 seconds
Platform modules already initialized, skipping
========================================================================
Worker process is ready to serve import requests
Launched and connected shader compiler UnityShaderCompiler.exe after 0.12 seconds
Refreshing native plugins compatible for Editor in 0.60 ms, found 1 plugins.
Preloading 0 native plugins for Editor in 0.00 ms.
Unloading 1809 Unused Serialized files (Serialized files now loaded: 0)
System memory in use before: 84.5 MB.
System memory in use after: 84.6 MB.

Unloading 19 unused Assets to reduce memory usage. Loaded Objects now: 2257.
Total: 3.504000 ms (FindLiveObjects: 0.384800 ms CreateObjectMapping: 0.156300 ms MarkObjects: 2.866000 ms  DeleteObjects: 0.095500 ms)

========================================================================
Received Import Request.
  path: Assets/Sprites/New Window Tiles.png
  artifactKey: Guid(98e7aaba403be2a41bd60727bf2b8707) Importer(815301076,1909f56bfc062723c751e8b465ee728b)
Start importing Assets/Sprites/New Window Tiles.png using Guid(98e7aaba403be2a41bd60727bf2b8707) Importer(815301076,1909f56bfc062723c751e8b465ee728b)  -> (artifact id: '67a0905de2d3cb730a394c86069401e6') in 0.204472 seconds
  Import took 0.212775 seconds .

========================================================================
Received Import Request.
  Time since last request: 0.000735 seconds.
  path: Assets/Sprites/Doors.png
  artifactKey: Guid(0246ae3e674633542ad177f806027f28) Importer(815301076,1909f56bfc062723c751e8b465ee728b)
Start importing Assets/Sprites/Doors.png using Guid(0246ae3e674633542ad177f806027f28) Importer(815301076,1909f56bfc062723c751e8b465ee728b)  -> (artifact id: 'bcf533d55563d898f496ab1ed4a28f20') in 0.031391 seconds
  Import took 0.038061 seconds .

========================================================================
Received Import Request.
  Time since last request: 0.000309 seconds.
  path: Assets/Sprites/Tiles 1.png
  artifactKey: Guid(f958be333392f10488d47108483cce6c) Importer(815301076,1909f56bfc062723c751e8b465ee728b)
Start importing Assets/Sprites/Tiles 1.png using Guid(f958be333392f10488d47108483cce6c) Importer(815301076,1909f56bfc062723c751e8b465ee728b)  -> (artifact id: '6a30b5f1cdeae8b647cdbdf7ddf6036d') in 0.172926 seconds
  Import took 0.184419 seconds .

========================================================================
Received Import Request.
  Time since last request: 32.450478 seconds.
  path: Assets/Sprites/boss frame1.png
  artifactKey: Guid(4f2f2e265e870ab40a58d833ed3625fe) Importer(815301076,1909f56bfc062723c751e8b465ee728b)
Start importing Assets/Sprites/boss frame1.png using Guid(4f2f2e265e870ab40a58d833ed3625fe) Importer(815301076,1909f56bfc062723c751e8b465ee728b)  -> (artifact id: 'ab40cdb63ec0c52e82f09ea157251924') in 0.035315 seconds
  Import took 0.045520 seconds .

========================================================================
Received Import Request.
  Time since last request: 2.422086 seconds.
  path: Assets/Sprites/boss frame2.png
  artifactKey: Guid(e5704654325b31e45a04c50541074ba7) Importer(815301076,1909f56bfc062723c751e8b465ee728b)
Start importing Assets/Sprites/boss frame2.png using Guid(e5704654325b31e45a04c50541074ba7) Importer(815301076,1909f56bfc062723c751e8b465ee728b)  -> (artifact id: '0221befc6e66fa6e258c3f8b818508f0') in 0.044258 seconds
  Import took 0.055977 seconds .

========================================================================
Received Import Request.
  Time since last request: 0.009234 seconds.
  path: Assets/Sprites/boss frame2.png
  artifactKey: Guid(e5704654325b31e45a04c50541074ba7) Importer(815301076,1909f56bfc062723c751e8b465ee728b)
Start importing Assets/Sprites/boss frame2.png using Guid(e5704654325b31e45a04c50541074ba7) Importer(815301076,1909f56bfc062723c751e8b465ee728b)  -> (artifact id: '0221befc6e66fa6e258c3f8b818508f0') in 0.028076 seconds
  Import took 0.035216 seconds .

========================================================================
Received Import Request.
  Time since last request: 6.138616 seconds.
  path: Assets/Sprites/big heart.png
  artifactKey: Guid(8b6c9319507f4694f88036a17c6e744d) Importer(815301076,1909f56bfc062723c751e8b465ee728b)
Start importing Assets/Sprites/big heart.png using Guid(8b6c9319507f4694f88036a17c6e744d) Importer(815301076,1909f56bfc062723c751e8b465ee728b)  -> (artifact id: 'e5621f66b51118ab3349fd343cb2b4a4') in 0.030831 seconds
  Import took 0.042458 seconds .

========================================================================
Received Import Request.
  Time since last request: 5.138222 seconds.
  path: Assets/Sprites/graduation cap.png
  artifactKey: Guid(9825efb101d063245abc04a7418b396f) Importer(815301076,1909f56bfc062723c751e8b465ee728b)
Start importing Assets/Sprites/graduation cap.png using Guid(9825efb101d063245abc04a7418b396f) Importer(815301076,1909f56bfc062723c751e8b465ee728b)  -> (artifact id: '709f54dda3191fd744ebcd5b1e1c62e0') in 0.035025 seconds
  Import took 0.041262 seconds .

========================================================================
Received Import Request.
  Time since last request: 16.900974 seconds.
  path: Assets/Sprites/holy water.png
  artifactKey: Guid(84081725df71d6740907ae813dafdfaf) Importer(815301076,1909f56bfc062723c751e8b465ee728b)
Start importing Assets/Sprites/holy water.png using Guid(84081725df71d6740907ae813dafdfaf) Importer(815301076,1909f56bfc062723c751e8b465ee728b)  -> (artifact id: 'b993c21a621174c44bb06c29bfee8703') in 0.040826 seconds
  Import took 0.048211 seconds .

========================================================================
Received Import Request.
  Time since last request: 8.821118 seconds.
  path: Assets/Sprites/small bat frame 1.png
  artifactKey: Guid(d8befb1ed9f77b54c83f211bbac42399) Importer(815301076,1909f56bfc062723c751e8b465ee728b)
Start importing Assets/Sprites/small bat frame 1.png using Guid(d8befb1ed9f77b54c83f211bbac42399) Importer(815301076,1909f56bfc062723c751e8b465ee728b)  -> (artifact id: 'b887c308f5bb851d2b5c03086d29e63d') in 0.037904 seconds
  Import took 0.046564 seconds .

========================================================================
Received Import Request.
  Time since last request: 1.727428 seconds.
  path: Assets/Sprites/small bat frame 2.png
  artifactKey: Guid(66febcaf950f08342b5339d130f9a13b) Importer(815301076,1909f56bfc062723c751e8b465ee728b)
Start importing Assets/Sprites/small bat frame 2.png using Guid(66febcaf950f08342b5339d130f9a13b) Importer(815301076,1909f56bfc062723c751e8b465ee728b)  -> (artifact id: 'ac62437a74240ef5e862a849c5359016') in 0.057787 seconds
  Import took 0.065772 seconds .

========================================================================
Received Import Request.
  Time since last request: 0.006741 seconds.
  path: Assets/Sprites/small bat frame 2.png
  artifactKey: Guid(66febcaf950f08342b5339d130f9a13b) Importer(815301076,1909f56bfc062723c751e8b465ee728b)
Start importing Assets/Sprites/small bat frame 2.png using Guid(66febcaf950f08342b5339d130f9a13b) Importer(815301076,1909f56bfc062723c751e8b465ee728b)  -> (artifact id: 'ac62437a74240ef5e862a849c5359016') in 0.035321 seconds
  Import took 0.047792 seconds .

========================================================================
Received Import Request.
  Time since last request: 4.231275 seconds.
  path: Assets/Sprites/small heart.png
  artifactKey: Guid(08376dd731cedde448e121cd016668e4) Importer(815301076,1909f56bfc062723c751e8b465ee728b)
Start importing Assets/Sprites/small heart.png using Guid(08376dd731cedde448e121cd016668e4) Importer(815301076,1909f56bfc062723c751e8b465ee728b)  -> (artifact id: 'a81f8aab582308b9e0654175c848d525') in 0.035799 seconds
  Import took 0.043477 seconds .

========================================================================
Received Import Request.
  Time since last request: 13.728912 seconds.
  path: Assets/Sprites/Player Sprites
  artifactKey: Guid(7b2bf15ef5b6aba4382087eace9b03f9) Importer(815301076,1909f56bfc062723c751e8b465ee728b)
Start importing Assets/Sprites/Player Sprites using Guid(7b2bf15ef5b6aba4382087eace9b03f9) Importer(815301076,1909f56bfc062723c751e8b465ee728b)  -> (artifact id: '0d196e28c4725bb9ff037a52abac9ed3') in 0.016951 seconds
  Import took 0.032899 seconds .

========================================================================
Received Import Request.
  Time since last request: 10.293172 seconds.
  path: Assets/Sprites/New Window Tiles.png
  artifactKey: Guid(98e7aaba403be2a41bd60727bf2b8707) Importer(815301076,1909f56bfc062723c751e8b465ee728b)
Start importing Assets/Sprites/New Window Tiles.png using Guid(98e7aaba403be2a41bd60727bf2b8707) Importer(815301076,1909f56bfc062723c751e8b465ee728b)  -> (artifact id: '70080ca1f07f5a1ff1ebde893937f3de') in 0.019462 seconds
  Import took 0.028177 seconds .

========================================================================
Received Import Request.
  Time since last request: 0.133491 seconds.
  path: Assets/Sprites/New Window Tiles.png
  artifactKey: Guid(98e7aaba403be2a41bd60727bf2b8707) Importer(815301076,1909f56bfc062723c751e8b465ee728b)
Start importing Assets/Sprites/New Window Tiles.png using Guid(98e7aaba403be2a41bd60727bf2b8707) Importer(815301076,1909f56bfc062723c751e8b465ee728b)  -> (artifact id: '70080ca1f07f5a1ff1ebde893937f3de') in 0.025774 seconds
  Import took 0.034131 seconds .

========================================================================
Received Import Request.
  Time since last request: 341.502777 seconds.
  path: Assets/Sprites/New Window Tiles.png
  artifactKey: Guid(98e7aaba403be2a41bd60727bf2b8707) Importer(815301076,1909f56bfc062723c751e8b465ee728b)
Start importing Assets/Sprites/New Window Tiles.png using Guid(98e7aaba403be2a41bd60727bf2b8707) Importer(815301076,1909f56bfc062723c751e8b465ee728b)  -> (artifact id: 'e4612c7c63f1e3519dc59d328f394c4a') in 0.041549 seconds
  Import took 0.054151 seconds .

========================================================================
Received Import Request.
  Time since last request: 20.690729 seconds.
  path: Assets/Sprites/New Window Tiles.png
  artifactKey: Guid(98e7aaba403be2a41bd60727bf2b8707) Importer(815301076,1909f56bfc062723c751e8b465ee728b)
Start importing Assets/Sprites/New Window Tiles.png using Guid(98e7aaba403be2a41bd60727bf2b8707) Importer(815301076,1909f56bfc062723c751e8b465ee728b)  -> (artifact id: 'a2551293a1a99f7bc04d25d26e9774ec') in 0.016703 seconds
  Import took 0.027394 seconds .

========================================================================
Received Import Request.
  Time since last request: 0.112263 seconds.
  path: Assets/Sprites/New Window Tiles.png
  artifactKey: Guid(98e7aaba403be2a41bd60727bf2b8707) Importer(815301076,1909f56bfc062723c751e8b465ee728b)
Start importing Assets/Sprites/New Window Tiles.png using Guid(98e7aaba403be2a41bd60727bf2b8707) Importer(815301076,1909f56bfc062723c751e8b465ee728b)  -> (artifact id: 'a2551293a1a99f7bc04d25d26e9774ec') in 0.023639 seconds
  Import took 0.029357 seconds .

========================================================================
Received Import Request.
  Time since last request: 271.466807 seconds.
  path: Assets/Sprites/New Window Tiles.png
  artifactKey: Guid(98e7aaba403be2a41bd60727bf2b8707) Importer(815301076,1909f56bfc062723c751e8b465ee728b)
Start importing Assets/Sprites/New Window Tiles.png using Guid(98e7aaba403be2a41bd60727bf2b8707) Importer(815301076,1909f56bfc062723c751e8b465ee728b)  -> (artifact id: 'fc9a2759f2857b17883e202a561e1c18') in 0.033563 seconds
  Import took 0.044603 seconds .

========================================================================
Received Import Request.
  Time since last request: 7.064757 seconds.
  path: Assets/Sprites/New Window Tiles.png
  artifactKey: Guid(98e7aaba403be2a41bd60727bf2b8707) Importer(815301076,1909f56bfc062723c751e8b465ee728b)
Start importing Assets/Sprites/New Window Tiles.png using Guid(98e7aaba403be2a41bd60727bf2b8707) Importer(815301076,1909f56bfc062723c751e8b465ee728b)  -> (artifact id: 'c95fc6ad984281fb346494196fefc7cf') in 0.019123 seconds
  Import took 0.028350 seconds .

========================================================================
Received Import Request.
  Time since last request: 0.097225 seconds.
  path: Assets/Sprites/New Window Tiles.png
  artifactKey: Guid(98e7aaba403be2a41bd60727bf2b8707) Importer(815301076,1909f56bfc062723c751e8b465ee728b)
Start importing Assets/Sprites/New Window Tiles.png using Guid(98e7aaba403be2a41bd60727bf2b8707) Importer(815301076,1909f56bfc062723c751e8b465ee728b)  -> (artifact id: 'c95fc6ad984281fb346494196fefc7cf') in 0.026601 seconds
  Import took 0.040101 seconds .

========================================================================
Received Import Request.
  Time since last request: 43.917702 seconds.
  path: Assets/Sprites/New Window Tiles.png
  artifactKey: Guid(98e7aaba403be2a41bd60727bf2b8707) Importer(815301076,1909f56bfc062723c751e8b465ee728b)
Start importing Assets/Sprites/New Window Tiles.png using Guid(98e7aaba403be2a41bd60727bf2b8707) Importer(815301076,1909f56bfc062723c751e8b465ee728b)  -> (artifact id: '54ed81212c313497887644af1f6ce566') in 0.050729 seconds
  Import took 0.060751 seconds .

========================================================================
Received Import Request.
  Time since last request: 8.632170 seconds.
  path: Assets/Tiles/New Palette.prefab
  artifactKey: Guid(ef20d4cd1fbbf1e45848d7b904985f81) Importer(815301076,1909f56bfc062723c751e8b465ee728b)
Start importing Assets/Tiles/New Palette.prefab using Guid(ef20d4cd1fbbf1e45848d7b904985f81) Importer(815301076,1909f56bfc062723c751e8b465ee728b)  -> (artifact id: 'f1e227ab807d3564fe512db03c5fa1ab') in 0.051144 seconds
  Import took 0.056729 seconds .

========================================================================
Received Import Request.
  Time since last request: 0.000367 seconds.
  path: Assets/Tiles/Rectangular Palette 1.prefab
  artifactKey: Guid(8e157ec8ca736f049908f58d64321a3e) Importer(815301076,1909f56bfc062723c751e8b465ee728b)
Start importing Assets/Tiles/Rectangular Palette 1.prefab using Guid(8e157ec8ca736f049908f58d64321a3e) Importer(815301076,1909f56bfc062723c751e8b465ee728b)  -> (artifact id: '047e0627078deae50ef5935fa711437d') in 0.012250 seconds
  Import took 0.017580 seconds .

========================================================================
Received Import Request.
  Time since last request: 0.000391 seconds.
  path: Assets/Tiles/Staircase_5.asset
  artifactKey: Guid(e6dfb01e322cd484198a555c72af2ac6) Importer(815301076,1909f56bfc062723c751e8b465ee728b)
Start importing Assets/Tiles/Staircase_5.asset using Guid(e6dfb01e322cd484198a555c72af2ac6) Importer(815301076,1909f56bfc062723c751e8b465ee728b)  -> (artifact id: 'b06a462982a7bbb07842efab35b6ddc8') in 0.019769 seconds
  Import took 0.028330 seconds .

========================================================================
Received Import Request.
  Time since last request: 0.000356 seconds.
  path: Assets/Tiles/Staircase_1.asset
  artifactKey: Guid(e400c6a74dfab6944a129709d2ab4e3b) Importer(815301076,1909f56bfc062723c751e8b465ee728b)
Start importing Assets/Tiles/Staircase_1.asset using Guid(e400c6a74dfab6944a129709d2ab4e3b) Importer(815301076,1909f56bfc062723c751e8b465ee728b)  -> (artifact id: '6813a2d7af8778e3c9623cf38af04d27') in 0.010730 seconds
  Import took 0.014773 seconds .

========================================================================
Received Import Request.
  Time since last request: 0.000356 seconds.
  path: Assets/Tiles/Tiles 1_19.asset
  artifactKey: Guid(6cd0adfca35eb9849ab397af7e25a44e) Importer(815301076,1909f56bfc062723c751e8b465ee728b)
Start importing Assets/Tiles/Tiles 1_19.asset using Guid(6cd0adfca35eb9849ab397af7e25a44e) Importer(815301076,1909f56bfc062723c751e8b465ee728b)  -> (artifact id: 'fa7fce20a3ebdf9b707377c884b4727c') in 0.053510 seconds
  Import took 0.059121 seconds .

========================================================================
Received Import Request.
  Time since last request: 0.000317 seconds.
  path: Assets/Tiles/Tiles 1_22.asset
  artifactKey: Guid(f2e079d141e0d1f4d99ec0364abc411f) Importer(815301076,1909f56bfc062723c751e8b465ee728b)
Start importing Assets/Tiles/Tiles 1_22.asset using Guid(f2e079d141e0d1f4d99ec0364abc411f) Importer(815301076,1909f56bfc062723c751e8b465ee728b)  -> (artifact id: 'a746e4414d31dc88eb8b9acc2c11f355') in 0.037760 seconds
  Import took 0.042831 seconds .

========================================================================
Received Import Request.
  Time since last request: 0.000316 seconds.
  path: Assets/Tiles/Staircase_4.asset
  artifactKey: Guid(b2d91de0ba8854c41b06e3d718e11560) Importer(815301076,1909f56bfc062723c751e8b465ee728b)
Start importing Assets/Tiles/Staircase_4.asset using Guid(b2d91de0ba8854c41b06e3d718e11560) Importer(815301076,1909f56bfc062723c751e8b465ee728b)  -> (artifact id: '22407752556262bad3a94dd52f42ee24') in 0.013116 seconds
  Import took 0.018071 seconds .

========================================================================
Received Import Request.
  Time since last request: 0.000275 seconds.
  path: Assets/Tiles/Tiles 1_68.asset
  artifactKey: Guid(895e0b4d8edfa974f93bd9e0450a02e1) Importer(815301076,1909f56bfc062723c751e8b465ee728b)
Start importing Assets/Tiles/Tiles 1_68.asset using Guid(895e0b4d8edfa974f93bd9e0450a02e1) Importer(815301076,1909f56bfc062723c751e8b465ee728b)  -> (artifact id: '8b7aafbc4011cbbb89331894e8a77bf5') in 0.028565 seconds
  Import took 0.033121 seconds .

========================================================================
Received Import Request.
  Time since last request: 0.000284 seconds.
  path: Assets/Tiles/Tiles 1_73.asset
  artifactKey: Guid(7d610e2589cac1a4987126d86036ae88) Importer(815301076,1909f56bfc062723c751e8b465ee728b)
Start importing Assets/Tiles/Tiles 1_73.asset using Guid(7d610e2589cac1a4987126d86036ae88) Importer(815301076,1909f56bfc062723c751e8b465ee728b)  -> (artifact id: '0011ce6353459eff677cbabdc4cde6e9') in 0.030530 seconds
  Import took 0.035934 seconds .

========================================================================
Received Import Request.
  Time since last request: 0.000281 seconds.
  path: Assets/Tiles/Tiles 1_121.asset
  artifactKey: Guid(bdbe79f0bdfc9124ea67a0d79dace208) Importer(815301076,1909f56bfc062723c751e8b465ee728b)
Start importing Assets/Tiles/Tiles 1_121.asset using Guid(bdbe79f0bdfc9124ea67a0d79dace208) Importer(815301076,1909f56bfc062723c751e8b465ee728b)  -> (artifact id: '5f3601391afe958b87ccfbcb506547e2') in 0.031831 seconds
  Import took 0.037543 seconds .

========================================================================
Received Import Request.
  Time since last request: 0.000246 seconds.
  path: Assets/Tiles/Tiles 1_130.asset
  artifactKey: Guid(ccb0b4c65ddbaad4d9d1b1e6d23b2e94) Importer(815301076,1909f56bfc062723c751e8b465ee728b)
Start importing Assets/Tiles/Tiles 1_130.asset using Guid(ccb0b4c65ddbaad4d9d1b1e6d23b2e94) Importer(815301076,1909f56bfc062723c751e8b465ee728b)  -> (artifact id: 'abf1d4293584a0e8744cd09e5236ae52') in 0.035433 seconds
  Import took 0.040495 seconds .

========================================================================
Received Import Request.
  Time since last request: 0.000227 seconds.
  path: Assets/Tiles/Tiles_3.asset
  artifactKey: Guid(9804b66484acb924c83ea0dea66da6d6) Importer(815301076,1909f56bfc062723c751e8b465ee728b)
Start importing Assets/Tiles/Tiles_3.asset using Guid(9804b66484acb924c83ea0dea66da6d6) Importer(815301076,1909f56bfc062723c751e8b465ee728b)  -> (artifact id: '2b50deb65b2c3ff2e167b916cb0a140c') in 0.032605 seconds
  Import took 0.038419 seconds .

========================================================================
Received Import Request.
  Time since last request: 0.000338 seconds.
  path: Assets/Tiles/Tiles 1_47.asset
  artifactKey: Guid(b157026c4025eda47a3cc17968b2c788) Importer(815301076,1909f56bfc062723c751e8b465ee728b)
Start importing Assets/Tiles/Tiles 1_47.asset using Guid(b157026c4025eda47a3cc17968b2c788) Importer(815301076,1909f56bfc062723c751e8b465ee728b)  -> (artifact id: '60aecc6595eef7070102738d650a24cb') in 0.047505 seconds
  Import took 0.054310 seconds .

========================================================================
Received Import Request.
  Time since last request: 0.000292 seconds.
  path: Assets/Tiles/Tiles 1_44.asset
  artifactKey: Guid(be6cae24fe3be0e448d08b32e14e6074) Importer(815301076,1909f56bfc062723c751e8b465ee728b)
Start importing Assets/Tiles/Tiles 1_44.asset using Guid(be6cae24fe3be0e448d08b32e14e6074) Importer(815301076,1909f56bfc062723c751e8b465ee728b)  -> (artifact id: '0844eaef6960d657540f21be62c2af42') in 0.042711 seconds
  Import took 0.051216 seconds .

========================================================================
Received Import Request.
  Time since last request: 0.000601 seconds.
  path: Assets/Tiles/Tiles 1_126.asset
  artifactKey: Guid(a986aa39f0ce9b14895c30574f11ceb4) Importer(815301076,1909f56bfc062723c751e8b465ee728b)
Start importing Assets/Tiles/Tiles 1_126.asset using Guid(a986aa39f0ce9b14895c30574f11ceb4) Importer(815301076,1909f56bfc062723c751e8b465ee728b)  -> (artifact id: '8a5de82c482086a9e3e46c5256a3c369') in 0.035485 seconds
  Import took 0.041751 seconds .

========================================================================
Received Import Request.
  Time since last request: 0.000242 seconds.
  path: Assets/Tiles/Tiles 1_99.asset
  artifactKey: Guid(500cce8f3ce8a5e45b4d66075a43ddfe) Importer(815301076,1909f56bfc062723c751e8b465ee728b)
Start importing Assets/Tiles/Tiles 1_99.asset using Guid(500cce8f3ce8a5e45b4d66075a43ddfe) Importer(815301076,1909f56bfc062723c751e8b465ee728b)  -> (artifact id: '1fabb38b956793c157a16fd5e6138df9') in 0.037114 seconds
  Import took 0.044447 seconds .

========================================================================
Received Import Request.
  Time since last request: 0.000270 seconds.
  path: Assets/Tiles/Tiles 1_24.asset
  artifactKey: Guid(9cd542dc3c18ad44ea17c29ceafff323) Importer(815301076,1909f56bfc062723c751e8b465ee728b)
Start importing Assets/Tiles/Tiles 1_24.asset using Guid(9cd542dc3c18ad44ea17c29ceafff323) Importer(815301076,1909f56bfc062723c751e8b465ee728b)  -> (artifact id: '84a85756ab2c19f868b2da026d27d97d') in 0.037281 seconds
  Import took 0.043856 seconds .

========================================================================
Received Import Request.
  Time since last request: 0.000311 seconds.
  path: Assets/Tiles/Tiles 1_101.asset
  artifactKey: Guid(ed0db1173e90b5849a691391f1e3c150) Importer(815301076,1909f56bfc062723c751e8b465ee728b)
Start importing Assets/Tiles/Tiles 1_101.asset using Guid(ed0db1173e90b5849a691391f1e3c150) Importer(815301076,1909f56bfc062723c751e8b465ee728b)  -> (artifact id: 'd2b0e5ba523d4b19163109790d611425') in 0.039427 seconds
  Import took 0.044874 seconds .

========================================================================
Received Import Request.
  Time since last request: 0.000272 seconds.
  path: Assets/Tiles/Tiles 1_125.asset
  artifactKey: Guid(c7fc26002613ca143bb84f3ac375b063) Importer(815301076,1909f56bfc062723c751e8b465ee728b)
Start importing Assets/Tiles/Tiles 1_125.asset using Guid(c7fc26002613ca143bb84f3ac375b063) Importer(815301076,1909f56bfc062723c751e8b465ee728b)  -> (artifact id: '91cb1082ab872768a4acf785cf822487') in 0.040880 seconds
  Import took 0.047775 seconds .

========================================================================
Received Import Request.
  Time since last request: 0.000280 seconds.
  path: Assets/Tiles/Tiles_0.asset
  artifactKey: Guid(1ec9834d34a65fb40aea853e85bce76f) Importer(815301076,1909f56bfc062723c751e8b465ee728b)
Start importing Assets/Tiles/Tiles_0.asset using Guid(1ec9834d34a65fb40aea853e85bce76f) Importer(815301076,1909f56bfc062723c751e8b465ee728b)  -> (artifact id: 'a6170ffb4522fae7477f22b462062f05') in 0.038115 seconds
  Import took 0.043995 seconds .

========================================================================
Received Import Request.
  Time since last request: 0.000284 seconds.
  path: Assets/Tiles/Tiles 1_27.asset
  artifactKey: Guid(c3b1a58fe7e39994a9e38b7de118a823) Importer(815301076,1909f56bfc062723c751e8b465ee728b)
Start importing Assets/Tiles/Tiles 1_27.asset using Guid(c3b1a58fe7e39994a9e38b7de118a823) Importer(815301076,1909f56bfc062723c751e8b465ee728b)  -> (artifact id: '308d5c7f3ad20fc6e9abd6847250cb2f') in 0.042139 seconds
  Import took 0.048708 seconds .

========================================================================
Received Import Request.
  Time since last request: 0.000431 seconds.
  path: Assets/Tiles/Staircase_0.asset
  artifactKey: Guid(905621343641aec449ba2c7e43b2b399) Importer(815301076,1909f56bfc062723c751e8b465ee728b)
Start importing Assets/Tiles/Staircase_0.asset using Guid(905621343641aec449ba2c7e43b2b399) Importer(815301076,1909f56bfc062723c751e8b465ee728b)  -> (artifact id: 'a5d2c655a04fcf017a382244acbe6faa') in 0.014456 seconds
  Import took 0.019405 seconds .

========================================================================
Received Import Request.
  Time since last request: 0.000282 seconds.
  path: Assets/Tiles/Tiles 1_41.asset
  artifactKey: Guid(dbb272d68e69c194ea8d849841a163a0) Importer(815301076,1909f56bfc062723c751e8b465ee728b)
Start importing Assets/Tiles/Tiles 1_41.asset using Guid(dbb272d68e69c194ea8d849841a163a0) Importer(815301076,1909f56bfc062723c751e8b465ee728b)  -> (artifact id: '97b15fd84bae66954789bcea401202fb') in 0.040238 seconds
  Import took 0.047597 seconds .

========================================================================
Received Import Request.
  Time since last request: 0.000275 seconds.
  path: Assets/Tiles/Tiles 1_96.asset
  artifactKey: Guid(22b86c774e1230647a087c8ecd6d6325) Importer(815301076,1909f56bfc062723c751e8b465ee728b)
Start importing Assets/Tiles/Tiles 1_96.asset using Guid(22b86c774e1230647a087c8ecd6d6325) Importer(815301076,1909f56bfc062723c751e8b465ee728b)  -> (artifact id: 'd90a8ac5c282db35da049dd147cc158b') in 0.043506 seconds
  Import took 0.051416 seconds .

========================================================================
Received Import Request.
  Time since last request: 0.000285 seconds.
  path: Assets/Tiles/Tiles 1_40.asset
  artifactKey: Guid(96c1181ef0349a0438b051b5fd9ffd39) Importer(815301076,1909f56bfc062723c751e8b465ee728b)
Start importing Assets/Tiles/Tiles 1_40.asset using Guid(96c1181ef0349a0438b051b5fd9ffd39) Importer(815301076,1909f56bfc062723c751e8b465ee728b)  -> (artifact id: '5252075334b131e12cef6b71e9a6c7d7') in 0.032016 seconds
  Import took 0.037940 seconds .

========================================================================
Received Import Request.
  Time since last request: 0.000387 seconds.
  path: Assets/Tiles/Staircase_2.asset
  artifactKey: Guid(06da9de0233ebdd4cb52a6d564ccf4da) Importer(815301076,1909f56bfc062723c751e8b465ee728b)
Start importing Assets/Tiles/Staircase_2.asset using Guid(06da9de0233ebdd4cb52a6d564ccf4da) Importer(815301076,1909f56bfc062723c751e8b465ee728b)  -> (artifact id: 'aaf2559030263ee8f6095496ded5f9b1') in 0.016143 seconds
  Import took 0.021966 seconds .

========================================================================
Received Import Request.
  Time since last request: 0.000304 seconds.
  path: Assets/Tiles/Tiles 1_118.asset
  artifactKey: Guid(29b4d9e2f4b6dcb43a5c95dcca22d4d4) Importer(815301076,1909f56bfc062723c751e8b465ee728b)
Start importing Assets/Tiles/Tiles 1_118.asset using Guid(29b4d9e2f4b6dcb43a5c95dcca22d4d4) Importer(815301076,1909f56bfc062723c751e8b465ee728b)  -> (artifact id: '6d2d13572f79df66c0a21438198565f4') in 0.034794 seconds
  Import took 0.043275 seconds .

========================================================================
Received Import Request.
  Time since last request: 0.000392 seconds.
  path: Assets/Tiles/Tiles 1_145.asset
  artifactKey: Guid(b19ed4eee1f21714194753653d395cfb) Importer(815301076,1909f56bfc062723c751e8b465ee728b)
Start importing Assets/Tiles/Tiles 1_145.asset using Guid(b19ed4eee1f21714194753653d395cfb) Importer(815301076,1909f56bfc062723c751e8b465ee728b)  -> (artifact id: '18b2dc24921c4e6dfac00b7511a05853') in 0.048297 seconds
  Import took 0.056854 seconds .

========================================================================
Received Import Request.
  Time since last request: 0.000601 seconds.
  path: Assets/Tiles/Tiles 1_66.asset
  artifactKey: Guid(5b7bca2a4a307304397a9a7b34c285e5) Importer(815301076,1909f56bfc062723c751e8b465ee728b)
Start importing Assets/Tiles/Tiles 1_66.asset using Guid(5b7bca2a4a307304397a9a7b34c285e5) Importer(815301076,1909f56bfc062723c751e8b465ee728b)  -> (artifact id: '7a2079949dac20bc9fd7f90072ef67c5') in 0.041544 seconds
  Import took 0.050511 seconds .

========================================================================
Received Import Request.
  Time since last request: 0.000319 seconds.
  path: Assets/Sprites/Player Sprites/Downstairs walking.png
  artifactKey: Guid(b09d9b8f589cd7c498200fc7c19213f2) Importer(815301076,1909f56bfc062723c751e8b465ee728b)
Start importing Assets/Sprites/Player Sprites/Downstairs walking.png using Guid(b09d9b8f589cd7c498200fc7c19213f2) Importer(815301076,1909f56bfc062723c751e8b465ee728b)  -> (artifact id: 'f054b4add3e1007427c9dbda0ab4c804') in 0.060126 seconds
  Import took 0.067343 seconds .

========================================================================
Received Import Request.
  Time since last request: 0.000537 seconds.
  path: Assets/Sprites/Player Sprites/Idle Attack 3.png
  artifactKey: Guid(5d0fa3c35ea67df478efb0768d867962) Importer(815301076,1909f56bfc062723c751e8b465ee728b)
Start importing Assets/Sprites/Player Sprites/Idle Attack 3.png using Guid(5d0fa3c35ea67df478efb0768d867962) Importer(815301076,1909f56bfc062723c751e8b465ee728b)  -> (artifact id: '9a15defd895e70bdb5860d9978cfc2bb') in 0.110155 seconds
  Import took 0.117965 seconds .

========================================================================
Received Import Request.
  Time since last request: 0.000304 seconds.
  path: Assets/Sprites/Player Sprites/Walking sprites.png
  artifactKey: Guid(14bfb12aa2595134597362ee3e2c2cce) Importer(815301076,1909f56bfc062723c751e8b465ee728b)
Start importing Assets/Sprites/Player Sprites/Walking sprites.png using Guid(14bfb12aa2595134597362ee3e2c2cce) Importer(815301076,1909f56bfc062723c751e8b465ee728b)  -> (artifact id: '501a2256ea969f6de75cee199f860cfe') in 0.037820 seconds
  Import took 0.044885 seconds .

========================================================================
Received Import Request.
  Time since last request: 0.000624 seconds.
  path: Assets/Tiles/Tiles 1_49.asset
  artifactKey: Guid(36c7c479c16043b47bd37bcadef5ea94) Importer(815301076,1909f56bfc062723c751e8b465ee728b)
Start importing Assets/Tiles/Tiles 1_49.asset using Guid(36c7c479c16043b47bd37bcadef5ea94) Importer(815301076,1909f56bfc062723c751e8b465ee728b)  -> (artifact id: '39ac0b9c6bb5ba6c2a2b2e073eedb8a5') in 0.052052 seconds
  Import took 0.060463 seconds .

========================================================================
Received Import Request.
  Time since last request: 0.000322 seconds.
  path: Assets/Tiles/Tiles_2.asset
  artifactKey: Guid(5d49b39fc489925428698f9bd8e58750) Importer(815301076,1909f56bfc062723c751e8b465ee728b)
Start importing Assets/Tiles/Tiles_2.asset using Guid(5d49b39fc489925428698f9bd8e58750) Importer(815301076,1909f56bfc062723c751e8b465ee728b)  -> (artifact id: 'd50e26a0bbd3b9c56c6ad28a3bc48cb6') in 0.106763 seconds
  Import took 0.120376 seconds .

========================================================================
Received Import Request.
  Time since last request: 0.000700 seconds.
  path: Assets/Tiles/Tiles 1_106.asset
  artifactKey: Guid(7ee0c47a89d7a7d41a4c2345d4fb889a) Importer(815301076,1909f56bfc062723c751e8b465ee728b)
Start importing Assets/Tiles/Tiles 1_106.asset using Guid(7ee0c47a89d7a7d41a4c2345d4fb889a) Importer(815301076,1909f56bfc062723c751e8b465ee728b)  -> (artifact id: 'fc0348cbc23949a65d6dc252e44fa143') in 0.080363 seconds
  Import took 0.092339 seconds .

========================================================================
Received Import Request.
  Time since last request: 0.000694 seconds.
  path: Assets/Tiles/Tiles 1_137.asset
  artifactKey: Guid(e60e6313b82405347baefc29b51bd75e) Importer(815301076,1909f56bfc062723c751e8b465ee728b)
Start importing Assets/Tiles/Tiles 1_137.asset using Guid(e60e6313b82405347baefc29b51bd75e) Importer(815301076,1909f56bfc062723c751e8b465ee728b)  -> (artifact id: '9795cc5a181b7a5848b610070e90d4a5') in 0.071579 seconds
  Import took 0.081560 seconds .

========================================================================
Received Import Request.
  Time since last request: 0.000499 seconds.
  path: Assets/Tiles/Tiles 1_46.asset
  artifactKey: Guid(b28cc28699b85ab4b986b525adc81358) Importer(815301076,1909f56bfc062723c751e8b465ee728b)
Start importing Assets/Tiles/Tiles 1_46.asset using Guid(b28cc28699b85ab4b986b525adc81358) Importer(815301076,1909f56bfc062723c751e8b465ee728b)  -> (artifact id: '061975f924f939b6ee07e1c351b8387e') in 0.081029 seconds
  Import took 0.098179 seconds .

========================================================================
Received Import Request.
  Time since last request: 0.003000 seconds.
  path: Assets/Tiles/Tiles 1_104.asset
  artifactKey: Guid(61d816e45fbedd7488f0fe7feb1b18da) Importer(815301076,1909f56bfc062723c751e8b465ee728b)
Start importing Assets/Tiles/Tiles 1_104.asset using Guid(61d816e45fbedd7488f0fe7feb1b18da) Importer(815301076,1909f56bfc062723c751e8b465ee728b)  -> (artifact id: '0a260f0d2f779dc6d187391f594909ee') in 0.070849 seconds
  Import took 0.093206 seconds .

========================================================================
Received Import Request.
  Time since last request: 0.000464 seconds.
  path: Assets/Tiles/Staircase_3.asset
  artifactKey: Guid(27d43edc73d8e3244b07e622b0b1b982) Importer(815301076,1909f56bfc062723c751e8b465ee728b)
Start importing Assets/Tiles/Staircase_3.asset using Guid(27d43edc73d8e3244b07e622b0b1b982) Importer(815301076,1909f56bfc062723c751e8b465ee728b)  -> (artifact id: '465ade356ec3b821ba6a4b02f82ea615') in 0.039169 seconds
  Import took 0.056028 seconds .

========================================================================
Received Import Request.
  Time since last request: 0.000339 seconds.
  path: Assets/Tiles/Tiles 1_132.asset
  artifactKey: Guid(430cbccd046c00a4c889ce48b990b632) Importer(815301076,1909f56bfc062723c751e8b465ee728b)
Start importing Assets/Tiles/Tiles 1_132.asset using Guid(430cbccd046c00a4c889ce48b990b632) Importer(815301076,1909f56bfc062723c751e8b465ee728b)  -> (artifact id: 'e0e0fde90bc845b673993c412f0c489e') in 0.084178 seconds
  Import took 0.104167 seconds .

========================================================================
Received Import Request.
  Time since last request: 0.000420 seconds.
  path: Assets/Tiles/Staircase_7.asset
  artifactKey: Guid(5b006b6d03c0abe4fb95a54d8e6f68a4) Importer(815301076,1909f56bfc062723c751e8b465ee728b)
Start importing Assets/Tiles/Staircase_7.asset using Guid(5b006b6d03c0abe4fb95a54d8e6f68a4) Importer(815301076,1909f56bfc062723c751e8b465ee728b)  -> (artifact id: '004017d367884602f0c7a6a636508e7a') in 0.035211 seconds
  Import took 0.049754 seconds .

========================================================================
Received Import Request.
  Time since last request: 0.000980 seconds.
  path: Assets/Tiles/Tiles 1_51.asset
  artifactKey: Guid(c25070492fc10c74381a3e03e3019b84) Importer(815301076,1909f56bfc062723c751e8b465ee728b)
Start importing Assets/Tiles/Tiles 1_51.asset using Guid(c25070492fc10c74381a3e03e3019b84) Importer(815301076,1909f56bfc062723c751e8b465ee728b)  -> (artifact id: 'f1b8e4f8a4ada44acc5543ae848c6888') in 0.067766 seconds
  Import took 0.081046 seconds .

========================================================================
Received Import Request.
  Time since last request: 0.000487 seconds.
  path: Assets/Tiles/Tiles 1_128.asset
  artifactKey: Guid(c41e27486a7596c45a3fa820a7939814) Importer(815301076,1909f56bfc062723c751e8b465ee728b)
Start importing Assets/Tiles/Tiles 1_128.asset using Guid(c41e27486a7596c45a3fa820a7939814) Importer(815301076,1909f56bfc062723c751e8b465ee728b)  -> (artifact id: 'b4d43426a14f445ff9a1a736a3ffc052') in 0.082959 seconds
  Import took 0.104632 seconds .

========================================================================
Received Import Request.
  Time since last request: 0.000691 seconds.
  path: Assets/Tiles/Tiles 1_102.asset
  artifactKey: Guid(a2bd09d1ab25d7048aa60a7c53436bf9) Importer(815301076,1909f56bfc062723c751e8b465ee728b)
Start importing Assets/Tiles/Tiles 1_102.asset using Guid(a2bd09d1ab25d7048aa60a7c53436bf9) Importer(815301076,1909f56bfc062723c751e8b465ee728b)  -> (artifact id: '7724f903359f2ca70098650f10131019') in 0.089299 seconds
  Import took 0.101161 seconds .

========================================================================
Received Import Request.
  Time since last request: 0.000412 seconds.
  path: Assets/Tiles/Staircase_6.asset
  artifactKey: Guid(4c83c464a498b764f9fd40a3500ccb0b) Importer(815301076,1909f56bfc062723c751e8b465ee728b)
Start importing Assets/Tiles/Staircase_6.asset using Guid(4c83c464a498b764f9fd40a3500ccb0b) Importer(815301076,1909f56bfc062723c751e8b465ee728b)  -> (artifact id: '7fc9615809b4d0ad8d5b3498f0a8f2a9') in 0.029848 seconds
  Import took 0.045238 seconds .

========================================================================
Received Import Request.
  Time since last request: 0.001496 seconds.
  path: Assets/Tiles/Tiles 1_63.asset
  artifactKey: Guid(067f7d11dac748747858a90eea81edba) Importer(815301076,1909f56bfc062723c751e8b465ee728b)
Start importing Assets/Tiles/Tiles 1_63.asset using Guid(067f7d11dac748747858a90eea81edba) Importer(815301076,1909f56bfc062723c751e8b465ee728b)  -> (artifact id: '6b57dd172ebea09c42e350ea98b4568e') in 0.053229 seconds
  Import took 0.062561 seconds .

========================================================================
Received Import Request.
  Time since last request: 0.000560 seconds.
  path: Assets/Tiles/Tiles 1_134.asset
  artifactKey: Guid(2293f11bae9615843a76a53b4020b74b) Importer(815301076,1909f56bfc062723c751e8b465ee728b)
Start importing Assets/Tiles/Tiles 1_134.asset using Guid(2293f11bae9615843a76a53b4020b74b) Importer(815301076,1909f56bfc062723c751e8b465ee728b)  -> (artifact id: '8a51485c117337c7e4b77fce8cfb569d') in 0.062545 seconds
  Import took 0.074659 seconds .

========================================================================
Received Import Request.
  Time since last request: 0.000386 seconds.
  path: Assets/Tiles/Tiles 1_123.asset
  artifactKey: Guid(146a8668a7fbf5d4cabf75c70a9b7ae1) Importer(815301076,1909f56bfc062723c751e8b465ee728b)
Start importing Assets/Tiles/Tiles 1_123.asset using Guid(146a8668a7fbf5d4cabf75c70a9b7ae1) Importer(815301076,1909f56bfc062723c751e8b465ee728b)  -> (artifact id: 'c7fd831e86273ed277233915288e935d') in 0.073691 seconds
  Import took 0.084248 seconds .

========================================================================
Received Import Request.
  Time since last request: 0.000483 seconds.
  path: Assets/Tiles/Tiles_1.asset
  artifactKey: Guid(68596e722c80abb4481dcfdda427f46e) Importer(815301076,1909f56bfc062723c751e8b465ee728b)
Start importing Assets/Tiles/Tiles_1.asset using Guid(68596e722c80abb4481dcfdda427f46e) Importer(815301076,1909f56bfc062723c751e8b465ee728b)  -> (artifact id: '1bc3e19e12b34331c4e523def23240b3') in 0.054941 seconds
  Import took 0.065150 seconds .

========================================================================
Received Import Request.
  Time since last request: 0.000279 seconds.
  path: Assets/Sprites/Player Sprites/crouchjump.png
  artifactKey: Guid(8e4c1de2239714147b2056a6e724322c) Importer(815301076,1909f56bfc062723c751e8b465ee728b)
Start importing Assets/Sprites/Player Sprites/crouchjump.png using Guid(8e4c1de2239714147b2056a6e724322c) Importer(815301076,1909f56bfc062723c751e8b465ee728b)  -> (artifact id: '7bb972d259b92f16f8369ee94abb99ba') in 0.066465 seconds
  Import took 0.077039 seconds .

========================================================================
Received Import Request.
  Time since last request: 0.000417 seconds.
  path: Assets/Sprites/Player Sprites/SubWeapon throwing sprites.png
  artifactKey: Guid(23b585857125bf341a8cf29df1e01151) Importer(815301076,1909f56bfc062723c751e8b465ee728b)
Start importing Assets/Sprites/Player Sprites/SubWeapon throwing sprites.png using Guid(23b585857125bf341a8cf29df1e01151) Importer(815301076,1909f56bfc062723c751e8b465ee728b)  -> (artifact id: 'c2d3f157e3a5e77705b52e21280cba59') in 0.136024 seconds
  Import took 0.142947 seconds .

========================================================================
Received Import Request.
  Time since last request: 0.000375 seconds.
  path: Assets/Tiles/Tiles 1_26.asset
  artifactKey: Guid(d106df0068e53d447b0917755e801560) Importer(815301076,1909f56bfc062723c751e8b465ee728b)
Start importing Assets/Tiles/Tiles 1_26.asset using Guid(d106df0068e53d447b0917755e801560) Importer(815301076,1909f56bfc062723c751e8b465ee728b)  -> (artifact id: '2288e12dfe24e4597190be19a5fb196a') in 0.038791 seconds
  Import took 0.044315 seconds .

========================================================================
Received Import Request.
  Time since last request: 0.000283 seconds.
  path: Assets/Sprites/Player Sprites/Upstairs Walking.png
  artifactKey: Guid(fcae3447fc144534daf2a35a04cac01c) Importer(815301076,1909f56bfc062723c751e8b465ee728b)
Start importing Assets/Sprites/Player Sprites/Upstairs Walking.png using Guid(fcae3447fc144534daf2a35a04cac01c) Importer(815301076,1909f56bfc062723c751e8b465ee728b)  -> (artifact id: '2fc640de14a2d8537a01036fcdd465bf') in 0.059124 seconds
  Import took 0.066212 seconds .

========================================================================
Received Import Request.
  Time since last request: 0.000383 seconds.
  path: Assets/Tiles/Tiles 1_69.asset
  artifactKey: Guid(699477f6afa09994c83c1cf3f7a28551) Importer(815301076,1909f56bfc062723c751e8b465ee728b)
Start importing Assets/Tiles/Tiles 1_69.asset using Guid(699477f6afa09994c83c1cf3f7a28551) Importer(815301076,1909f56bfc062723c751e8b465ee728b)  -> (artifact id: '907dc713140f153092354d2ef63ce4ab') in 0.050168 seconds
  Import took 0.057092 seconds .

========================================================================
Received Import Request.
  Time since last request: 0.000317 seconds.
  path: Assets/Sprites/Player Sprites/Attacking sprites.png
  artifactKey: Guid(11c1ac00da1dec542be27ea5e37fcdb7) Importer(815301076,1909f56bfc062723c751e8b465ee728b)
Start importing Assets/Sprites/Player Sprites/Attacking sprites.png using Guid(11c1ac00da1dec542be27ea5e37fcdb7) Importer(815301076,1909f56bfc062723c751e8b465ee728b)  -> (artifact id: '51a2cbb96d7b4960503a62e7563d8146') in 0.217695 seconds
  Import took 0.224369 seconds .

========================================================================
Received Import Request.
  Time since last request: 0.000480 seconds.
  path: Assets/Sprites/Player Sprites/Hurt Death sprites.png
  artifactKey: Guid(31bb292e21e1d0b41971adbaaa66cdab) Importer(815301076,1909f56bfc062723c751e8b465ee728b)
Start importing Assets/Sprites/Player Sprites/Hurt Death sprites.png using Guid(31bb292e21e1d0b41971adbaaa66cdab) Importer(815301076,1909f56bfc062723c751e8b465ee728b)  -> (artifact id: 'f78caa363ac880eaadb1d5348a326729') in 0.065016 seconds
  Import took 0.073892 seconds .

========================================================================
Received Import Request.
  Time since last request: 5.346737 seconds.
  path: Assets/Prefabs/Heart.prefab
  artifactKey: Guid(d28d83cba90c1cb47a475cba1587acd4) Importer(815301076,1909f56bfc062723c751e8b465ee728b)
Start importing Assets/Prefabs/Heart.prefab using Guid(d28d83cba90c1cb47a475cba1587acd4) Importer(815301076,1909f56bfc062723c751e8b465ee728b)  -> (artifact id: '825c3a4aed57e026ca328914b68f5ddd') in 0.068558 seconds
  Import took 0.073165 seconds .

========================================================================
Received Import Request.
  Time since last request: 30.079378 seconds.
  path: Assets/Sprites/small heart.png
  artifactKey: Guid(08376dd731cedde448e121cd016668e4) Importer(815301076,1909f56bfc062723c751e8b465ee728b)
Start importing Assets/Sprites/small heart.png using Guid(08376dd731cedde448e121cd016668e4) Importer(815301076,1909f56bfc062723c751e8b465ee728b)  -> (artifact id: 'ad130c3978da8d4eaa8abe975c214e41') in 0.018996 seconds
  Import took 0.028200 seconds .

========================================================================
Received Import Request.
  Time since last request: 4.275219 seconds.
  path: Assets/Sprites/small heart.png
  artifactKey: Guid(08376dd731cedde448e121cd016668e4) Importer(815301076,1909f56bfc062723c751e8b465ee728b)
Start importing Assets/Sprites/small heart.png using Guid(08376dd731cedde448e121cd016668e4) Importer(815301076,1909f56bfc062723c751e8b465ee728b)  -> (artifact id: '17d4107cffeffc6e6dbad2be138e18cb') in 0.019809 seconds
  Import took 0.030683 seconds .

========================================================================
Received Import Request.
  Time since last request: 18.544380 seconds.
  path: Assets/Sprites/small heart.png
  artifactKey: Guid(08376dd731cedde448e121cd016668e4) Importer(815301076,1909f56bfc062723c751e8b465ee728b)
Start importing Assets/Sprites/small heart.png using Guid(08376dd731cedde448e121cd016668e4) Importer(815301076,1909f56bfc062723c751e8b465ee728b)  -> (artifact id: '53a3c853137d6f18fc5716fe67b41d14') in 0.018691 seconds
  Import took 0.027730 seconds .

========================================================================
Received Import Request.
  Time since last request: 17.067624 seconds.
  path: Assets/Sprites/big heart.png
  artifactKey: Guid(8b6c9319507f4694f88036a17c6e744d) Importer(815301076,1909f56bfc062723c751e8b465ee728b)
Start importing Assets/Sprites/big heart.png using Guid(8b6c9319507f4694f88036a17c6e744d) Importer(815301076,1909f56bfc062723c751e8b465ee728b)  -> (artifact id: 'c740ebe99f571681f23e55f6a29085b6') in 0.027417 seconds
  Import took 0.033854 seconds .

========================================================================
Received Import Request.
  Time since last request: 15.878502 seconds.
  path: Assets/Prefabs/Axe.prefab
  artifactKey: Guid(c6437ba55f61f054f9d9c240074d4d1a) Importer(815301076,1909f56bfc062723c751e8b465ee728b)
Start importing Assets/Prefabs/Axe.prefab using Guid(c6437ba55f61f054f9d9c240074d4d1a) Importer(815301076,1909f56bfc062723c751e8b465ee728b)  -> (artifact id: 'bdaa221f5bb67a27152d3df89053e1d0') in 0.045125 seconds
  Import took 0.054498 seconds .

========================================================================
Received Import Request.
  Time since last request: 44.235455 seconds.
  path: Assets/Sprites/graduation cap.png
  artifactKey: Guid(9825efb101d063245abc04a7418b396f) Importer(815301076,1909f56bfc062723c751e8b465ee728b)
Start importing Assets/Sprites/graduation cap.png using Guid(9825efb101d063245abc04a7418b396f) Importer(815301076,1909f56bfc062723c751e8b465ee728b)  -> (artifact id: '5bcf3d948d9b0112405663325598268a') in 0.017982 seconds
  Import took 0.024084 seconds .

========================================================================
Received Import Request.
  Time since last request: 9.404841 seconds.
  path: Assets/Sprites/graduation cap.png
  artifactKey: Guid(9825efb101d063245abc04a7418b396f) Importer(815301076,1909f56bfc062723c751e8b465ee728b)
Start importing Assets/Sprites/graduation cap.png using Guid(9825efb101d063245abc04a7418b396f) Importer(815301076,1909f56bfc062723c751e8b465ee728b)  -> (artifact id: '5e0bc5f4c781dfa838543e52fc964bd2') in 0.017176 seconds
  Import took 0.024437 seconds .

========================================================================
Received Import Request.
  Time since last request: 10.999928 seconds.
  path: Assets/Sprites/graduation cap.png
  artifactKey: Guid(9825efb101d063245abc04a7418b396f) Importer(815301076,1909f56bfc062723c751e8b465ee728b)
Start importing Assets/Sprites/graduation cap.png using Guid(9825efb101d063245abc04a7418b396f) Importer(815301076,1909f56bfc062723c751e8b465ee728b)  -> (artifact id: '2ef98fb3843dec23999f43f870149dc5') in 0.014756 seconds
  Import took 0.026215 seconds .

========================================================================
Received Import Request.
  Time since last request: 12.474416 seconds.
  path: Assets/Sprites/graduation cap.png
  artifactKey: Guid(9825efb101d063245abc04a7418b396f) Importer(815301076,1909f56bfc062723c751e8b465ee728b)
Start importing Assets/Sprites/graduation cap.png using Guid(9825efb101d063245abc04a7418b396f) Importer(815301076,1909f56bfc062723c751e8b465ee728b)  -> (artifact id: '13f694a7e09695d4fe4992c57f11032a') in 0.016569 seconds
  Import took 0.023726 seconds .

========================================================================
Received Import Request.
  Time since last request: 10.215486 seconds.
  path: Assets/Sprites/graduation cap.png
  artifactKey: Guid(9825efb101d063245abc04a7418b396f) Importer(815301076,1909f56bfc062723c751e8b465ee728b)
Start importing Assets/Sprites/graduation cap.png using Guid(9825efb101d063245abc04a7418b396f) Importer(815301076,1909f56bfc062723c751e8b465ee728b)  -> (artifact id: '978a16850ba4ce07369f0579f955273d') in 0.013827 seconds
  Import took 0.020310 seconds .

========================================================================
Received Import Request.
  Time since last request: 28.404779 seconds.
  path: Assets/Prefabs/holyWater.prefab
  artifactKey: Guid(ac2fe0dddc8f9e94cbb627cc6d002aa7) Importer(815301076,1909f56bfc062723c751e8b465ee728b)
Start importing Assets/Prefabs/holyWater.prefab using Guid(ac2fe0dddc8f9e94cbb627cc6d002aa7) Importer(815301076,1909f56bfc062723c751e8b465ee728b)  -> (artifact id: '261a418e4a23861ff8afcc7df2215f99') in 0.038972 seconds
  Import took 0.052618 seconds .

========================================================================
Received Import Request.
  Time since last request: 23.321666 seconds.
  path: Assets/Sprites/holy water.png
  artifactKey: Guid(84081725df71d6740907ae813dafdfaf) Importer(815301076,1909f56bfc062723c751e8b465ee728b)
Start importing Assets/Sprites/holy water.png using Guid(84081725df71d6740907ae813dafdfaf) Importer(815301076,1909f56bfc062723c751e8b465ee728b)  -> (artifact id: '4f0ef7a91a48afc8cd76aeb4eeb56c7c') in 0.017220 seconds
  Import took 0.023630 seconds .

========================================================================
Received Import Request.
  Time since last request: 7.899425 seconds.
  path: Assets/Sprites/holy water.png
  artifactKey: Guid(84081725df71d6740907ae813dafdfaf) Importer(815301076,1909f56bfc062723c751e8b465ee728b)
Start importing Assets/Sprites/holy water.png using Guid(84081725df71d6740907ae813dafdfaf) Importer(815301076,1909f56bfc062723c751e8b465ee728b)  -> (artifact id: 'cbecb7f1ef78666aa224da16d0b633b7') in 0.015121 seconds
  Import took 0.022223 seconds .

========================================================================
Received Import Request.
  Time since last request: 125.295948 seconds.
  path: Assets/Prefabs/Flying.anim
  artifactKey: Guid(4dd368c8501d612429c87657ce3e0a08) Importer(815301076,1909f56bfc062723c751e8b465ee728b)
Start importing Assets/Prefabs/Flying.anim using Guid(4dd368c8501d612429c87657ce3e0a08) Importer(815301076,1909f56bfc062723c751e8b465ee728b)  -> (artifact id: '1a1c845931d3de45b120a8c909ff57ed') in 0.015801 seconds
  Import took 0.021189 seconds .

========================================================================
Received Import Request.
  Time since last request: 3.329123 seconds.
  path: Assets/Animations
  artifactKey: Guid(1d6bc4d37592b984daa24f4582ef724b) Importer(815301076,1909f56bfc062723c751e8b465ee728b)
Start importing Assets/Animations using Guid(1d6bc4d37592b984daa24f4582ef724b) Importer(815301076,1909f56bfc062723c751e8b465ee728b)  -> (artifact id: '155a2b6afdf221ae434dc4397320c00a') in 0.012083 seconds
  Import took 0.019398 seconds .

========================================================================
Received Import Request.
  Time since last request: 0.002428 seconds.
  path: Assets/Animations
  artifactKey: Guid(1d6bc4d37592b984daa24f4582ef724b) Importer(815301076,1909f56bfc062723c751e8b465ee728b)
Start importing Assets/Animations using Guid(1d6bc4d37592b984daa24f4582ef724b) Importer(815301076,1909f56bfc062723c751e8b465ee728b)  -> (artifact id: '155a2b6afdf221ae434dc4397320c00a') in 0.007116 seconds
  Import took 0.017164 seconds .

========================================================================
Received Import Request.
  Time since last request: 4.689686 seconds.
  path: Assets/Animations/Bat
  artifactKey: Guid(3b66f157534cde34b8fbe3d67390737c) Importer(815301076,1909f56bfc062723c751e8b465ee728b)
Start importing Assets/Animations/Bat using Guid(3b66f157534cde34b8fbe3d67390737c) Importer(815301076,1909f56bfc062723c751e8b465ee728b)  -> (artifact id: '612f651fbd2256e6d5679eab42725790') in 0.014710 seconds
  Import took 0.021902 seconds .

========================================================================
Received Import Request.
  Time since last request: 5.453227 seconds.
  path: Assets/Animations/Frisbee
  artifactKey: Guid(383eeb77bdac00b4aa0e33fbc55d767e) Importer(815301076,1909f56bfc062723c751e8b465ee728b)
Start importing Assets/Animations/Frisbee using Guid(383eeb77bdac00b4aa0e33fbc55d767e) Importer(815301076,1909f56bfc062723c751e8b465ee728b)  -> (artifact id: '59ebd69815c3d6e4203b2c53bac14624') in 0.016033 seconds
  Import took 0.026635 seconds .

========================================================================
Received Import Request.
  Time since last request: 2.275416 seconds.
  path: Assets/Animations/Frisbee/Cross.controller
  artifactKey: Guid(b0e55e41b1aec334baa99e50880dc3bf) Importer(815301076,1909f56bfc062723c751e8b465ee728b)
Start importing Assets/Animations/Frisbee/Cross.controller using Guid(b0e55e41b1aec334baa99e50880dc3bf) Importer(815301076,1909f56bfc062723c751e8b465ee728b)  -> (artifact id: 'cf454353f0c9880705825550a5fbfdb1') in 0.019307 seconds
  Import took 0.026033 seconds .

========================================================================
Received Import Request.
  Time since last request: 0.000867 seconds.
  path: Assets/Animations/Frisbee/Cross.controller
  artifactKey: Guid(b0e55e41b1aec334baa99e50880dc3bf) Importer(815301076,1909f56bfc062723c751e8b465ee728b)
Start importing Assets/Animations/Frisbee/Cross.controller using Guid(b0e55e41b1aec334baa99e50880dc3bf) Importer(815301076,1909f56bfc062723c751e8b465ee728b)  -> (artifact id: 'cf454353f0c9880705825550a5fbfdb1') in 0.006331 seconds
  Import took 0.013811 seconds .

========================================================================
Received Import Request.
  Time since last request: 0.633412 seconds.
  path: Assets/Animations/Frisbee/Cross 1.controller
  artifactKey: Guid(d012d737eb8f82f4497bc7d0bb39bddd) Importer(815301076,1909f56bfc062723c751e8b465ee728b)
Start importing Assets/Animations/Frisbee/Cross 1.controller using Guid(d012d737eb8f82f4497bc7d0bb39bddd) Importer(815301076,1909f56bfc062723c751e8b465ee728b)  -> (artifact id: 'ea4fd9f1301cb6c2a0a7fbdbfb978436') in 0.017479 seconds
  Import took 0.023810 seconds .

========================================================================
Received Import Request.
  Time since last request: 0.001006 seconds.
  path: Assets/Animations/Frisbee/Cross 1.controller
  artifactKey: Guid(d012d737eb8f82f4497bc7d0bb39bddd) Importer(815301076,1909f56bfc062723c751e8b465ee728b)
Start importing Assets/Animations/Frisbee/Cross 1.controller using Guid(d012d737eb8f82f4497bc7d0bb39bddd) Importer(815301076,1909f56bfc062723c751e8b465ee728b)  -> (artifact id: 'ea4fd9f1301cb6c2a0a7fbdbfb978436') in 0.010891 seconds
  Import took 0.015787 seconds .

========================================================================
Received Import Request.
  Time since last request: 49.813685 seconds.
  path: Assets/Prefabs/flyingEnemy.prefab
  artifactKey: Guid(7b7474b4a073c9e42b4ec1123e42d8a8) Importer(815301076,1909f56bfc062723c751e8b465ee728b)
Start importing Assets/Prefabs/flyingEnemy.prefab using Guid(7b7474b4a073c9e42b4ec1123e42d8a8) Importer(815301076,1909f56bfc062723c751e8b465ee728b)  -> (artifact id: '9265bfef69e5ac9180fd599c512c264f') in 0.034235 seconds
  Import took 0.042630 seconds .

========================================================================
Received Import Request.
  Time since last request: 18.825215 seconds.
  path: Assets/Sprites/small bat frame 1.png
  artifactKey: Guid(d8befb1ed9f77b54c83f211bbac42399) Importer(815301076,1909f56bfc062723c751e8b465ee728b)
Start importing Assets/Sprites/small bat frame 1.png using Guid(d8befb1ed9f77b54c83f211bbac42399) Importer(815301076,1909f56bfc062723c751e8b465ee728b)  -> (artifact id: 'fca8e1a59852d6322065b2e97fe50b11') in 0.021258 seconds
  Import took 0.027131 seconds .

========================================================================
Received Import Request.
  Time since last request: 11.992421 seconds.
  path: Assets/Sprites/small bat frame 1.png
  artifactKey: Guid(d8befb1ed9f77b54c83f211bbac42399) Importer(815301076,1909f56bfc062723c751e8b465ee728b)
Start importing Assets/Sprites/small bat frame 1.png using Guid(d8befb1ed9f77b54c83f211bbac42399) Importer(815301076,1909f56bfc062723c751e8b465ee728b)  -> (artifact id: '3b00ef96a94668ae918b01431e2e3f1a') in 0.013543 seconds
  Import took 0.017752 seconds .

========================================================================
Received Import Request.
  Time since last request: 9.372895 seconds.
  path: Assets/Sprites/small bat frame 1.png
  artifactKey: Guid(d8befb1ed9f77b54c83f211bbac42399) Importer(815301076,1909f56bfc062723c751e8b465ee728b)
Start importing Assets/Sprites/small bat frame 1.png using Guid(d8befb1ed9f77b54c83f211bbac42399) Importer(815301076,1909f56bfc062723c751e8b465ee728b)  -> (artifact id: 'e77b6ff0e012aef145101e5137be7516') in 0.013434 seconds
  Import took 0.017830 seconds .

========================================================================
Received Import Request.
  Time since last request: 7.399243 seconds.
  path: Assets/Sprites/small bat frame 2.png
  artifactKey: Guid(66febcaf950f08342b5339d130f9a13b) Importer(815301076,1909f56bfc062723c751e8b465ee728b)
Start importing Assets/Sprites/small bat frame 2.png using Guid(66febcaf950f08342b5339d130f9a13b) Importer(815301076,1909f56bfc062723c751e8b465ee728b)  -> (artifact id: 'dc83795067f6e5edb1e037359142e580') in 0.020434 seconds
  Import took 0.026971 seconds .

========================================================================
Received Import Request.
  Time since last request: 49.570175 seconds.
  path: Assets/Sprites/Shot_Upgrades.png
  artifactKey: Guid(8dabf886c2b92a34f9e75135434cea6b) Importer(815301076,1909f56bfc062723c751e8b465ee728b)
Start importing Assets/Sprites/Shot_Upgrades.png using Guid(8dabf886c2b92a34f9e75135434cea6b) Importer(815301076,1909f56bfc062723c751e8b465ee728b)  -> (artifact id: '7d32423ff69645bf35e27644bfa94e98') in 0.032470 seconds
  Import took 0.041146 seconds .

========================================================================
Received Import Request.
  Time since last request: 0.076577 seconds.
  path: Assets/Sprites/Shot_Upgrades.png
  artifactKey: Guid(8dabf886c2b92a34f9e75135434cea6b) Importer(815301076,1909f56bfc062723c751e8b465ee728b)
Start importing Assets/Sprites/Shot_Upgrades.png using Guid(8dabf886c2b92a34f9e75135434cea6b) Importer(815301076,1909f56bfc062723c751e8b465ee728b)  -> (artifact id: '7d32423ff69645bf35e27644bfa94e98') in 0.323924 seconds
  Import took 0.332560 seconds .

========================================================================
Received Import Request.
  Time since last request: 7.635957 seconds.
  path: Assets/Sprites/Shot_Upgrades.png
  artifactKey: Guid(8dabf886c2b92a34f9e75135434cea6b) Importer(815301076,1909f56bfc062723c751e8b465ee728b)
Start importing Assets/Sprites/Shot_Upgrades.png using Guid(8dabf886c2b92a34f9e75135434cea6b) Importer(815301076,1909f56bfc062723c751e8b465ee728b)  -> (artifact id: '4115369aac42487f768956aaffc748a7') in 0.031667 seconds
  Import took 0.041379 seconds .

========================================================================
Received Import Request.
  Time since last request: 38.265944 seconds.
  path: Assets/Sprites/Shot_Upgrades.png
  artifactKey: Guid(8dabf886c2b92a34f9e75135434cea6b) Importer(815301076,1909f56bfc062723c751e8b465ee728b)
Start importing Assets/Sprites/Shot_Upgrades.png using Guid(8dabf886c2b92a34f9e75135434cea6b) Importer(815301076,1909f56bfc062723c751e8b465ee728b)  -> (artifact id: 'a3ec77834de0c5a3d8c107dc6f996d3d') in 0.030278 seconds
  Import took 0.039079 seconds .

========================================================================
Received Import Request.
  Time since last request: 4.808255 seconds.
  path: Assets/Sprites/Shot_Upgrades.png
  artifactKey: Guid(8dabf886c2b92a34f9e75135434cea6b) Importer(815301076,1909f56bfc062723c751e8b465ee728b)
Start importing Assets/Sprites/Shot_Upgrades.png using Guid(8dabf886c2b92a34f9e75135434cea6b) Importer(815301076,1909f56bfc062723c751e8b465ee728b)  -> (artifact id: '5bc05f9aa99aafdea14525d25c4e613d') in 0.032718 seconds
  Import took 0.038132 seconds .

========================================================================
Received Import Request.
  Time since last request: 10.802812 seconds.
  path: Assets/Sprites/Shot_Upgrades.png
  artifactKey: Guid(8dabf886c2b92a34f9e75135434cea6b) Importer(815301076,1909f56bfc062723c751e8b465ee728b)
Start importing Assets/Sprites/Shot_Upgrades.png using Guid(8dabf886c2b92a34f9e75135434cea6b) Importer(815301076,1909f56bfc062723c751e8b465ee728b)  -> (artifact id: 'e977b5c7ccb85120e6dcca10a9f9e881') in 0.029923 seconds
  Import took 0.034825 seconds .

========================================================================
Received Import Request.
  Time since last request: 46.987357 seconds.
  path: Assets/Prefabs/Shot Upgrade 1.prefab
  artifactKey: Guid(2219d381e09daa04c9d64e2b15fb9191) Importer(815301076,1909f56bfc062723c751e8b465ee728b)
Start importing Assets/Prefabs/Shot Upgrade 1.prefab using Guid(2219d381e09daa04c9d64e2b15fb9191) Importer(815301076,1909f56bfc062723c751e8b465ee728b)  -> (artifact id: 'ba3b23170417ed8b9fadf9daff1edd97') in 0.035619 seconds
  Import took 0.044128 seconds .

========================================================================
Received Import Request.
  Time since last request: 1.488311 seconds.
  path: Assets/Prefabs/Shot Upgrade 2.prefab
  artifactKey: Guid(1780352299392da4d91cf4777a66676a) Importer(815301076,1909f56bfc062723c751e8b465ee728b)
Start importing Assets/Prefabs/Shot Upgrade 2.prefab using Guid(1780352299392da4d91cf4777a66676a) Importer(815301076,1909f56bfc062723c751e8b465ee728b)  -> (artifact id: '96d9bf2d0661be220a4892e97b908fb9') in 0.061708 seconds
  Import took 0.082375 seconds .

========================================================================
Received Import Request.
  Time since last request: 0.009652 seconds.
  path: Assets/Prefabs/Shot Upgrade 2.prefab
  artifactKey: Guid(1780352299392da4d91cf4777a66676a) Importer(815301076,1909f56bfc062723c751e8b465ee728b)
Start importing Assets/Prefabs/Shot Upgrade 2.prefab using Guid(1780352299392da4d91cf4777a66676a) Importer(815301076,1909f56bfc062723c751e8b465ee728b)  -> (artifact id: '96d9bf2d0661be220a4892e97b908fb9') in 0.054402 seconds
  Import took 0.065711 seconds .

========================================================================
Received Import Request.
  Time since last request: 1.191924 seconds.
  path: Assets/Prefabs/Shot Upgrade 3.prefab
  artifactKey: Guid(ae01929a37b5c704387c4bb199ea86f8) Importer(815301076,1909f56bfc062723c751e8b465ee728b)
Start importing Assets/Prefabs/Shot Upgrade 3.prefab using Guid(ae01929a37b5c704387c4bb199ea86f8) Importer(815301076,1909f56bfc062723c751e8b465ee728b)  -> (artifact id: '8f5dd3b5651e30f595a87db06364876d') in 0.033774 seconds
  Import took 0.045942 seconds .

========================================================================
Received Import Request.
  Time since last request: 117.356485 seconds.
  path: Assets/Sprites
  artifactKey: Guid(19384a68599856b46b96ec6239faa473) Importer(815301076,1909f56bfc062723c751e8b465ee728b)
Start importing Assets/Sprites using Guid(19384a68599856b46b96ec6239faa473) Importer(815301076,1909f56bfc062723c751e8b465ee728b)  -> (artifact id: '848cc3dbe92619299485853729fa8747') in 0.012095 seconds
  Import took 0.018383 seconds .

========================================================================
Received Import Request.
  Time since last request: 258.251731 seconds.
  path: Assets/Prefabs/Dagger Pick Up.prefab
  artifactKey: Guid(3de7808b4eac30d4f9294d8c2c9e5031) Importer(815301076,1909f56bfc062723c751e8b465ee728b)
Start importing Assets/Prefabs/Dagger Pick Up.prefab using Guid(3de7808b4eac30d4f9294d8c2c9e5031) Importer(815301076,1909f56bfc062723c751e8b465ee728b)  -> (artifact id: 'cecee1cd9dec33708f7e89298d42d4a9') in 0.032109 seconds
  Import took 0.042336 seconds .

========================================================================
Received Import Request.
  Time since last request: 1.673402 seconds.
  path: Assets/Prefabs/Frisbee Pick Up.prefab
  artifactKey: Guid(6163c2938af94a04487e013b7ec48387) Importer(815301076,1909f56bfc062723c751e8b465ee728b)
Start importing Assets/Prefabs/Frisbee Pick Up.prefab using Guid(6163c2938af94a04487e013b7ec48387) Importer(815301076,1909f56bfc062723c751e8b465ee728b)  -> (artifact id: '0ac5e86982c35bf815e40b056194c3b8') in 0.064635 seconds
  Import took 0.082819 seconds .

========================================================================
Received Import Request.
  Time since last request: 1.383546 seconds.
  path: Assets/Prefabs/Holy Water Pick up.prefab
  artifactKey: Guid(e1bf30ae15f15254e9a28b075e358d06) Importer(815301076,1909f56bfc062723c751e8b465ee728b)
Start importing Assets/Prefabs/Holy Water Pick up.prefab using Guid(e1bf30ae15f15254e9a28b075e358d06) Importer(815301076,1909f56bfc062723c751e8b465ee728b)  -> (artifact id: '83258c6236040a82c3245b9d7520b25e') in 0.035023 seconds
  Import took 0.044739 seconds .

========================================================================
Received Import Request.
  Time since last request: 1.851494 seconds.
  path: Assets/Prefabs/Grad Cap Pick up.prefab
  artifactKey: Guid(65c085f8be37cc946aa431caecf10d0c) Importer(815301076,1909f56bfc062723c751e8b465ee728b)
Start importing Assets/Prefabs/Grad Cap Pick up.prefab using Guid(65c085f8be37cc946aa431caecf10d0c) Importer(815301076,1909f56bfc062723c751e8b465ee728b)  -> (artifact id: '06657f0b58f7127acf2d3ecdaba13278') in 0.038889 seconds
  Import took 0.048037 seconds .

========================================================================
Received Import Request.
  Time since last request: 65.238867 seconds.
  path: Assets/Sprites/Lance_Upgrade.png
  artifactKey: Guid(e88ec5bd797920841a48ef9c6aabf0cf) Importer(815301076,1909f56bfc062723c751e8b465ee728b)
Start importing Assets/Sprites/Lance_Upgrade.png using Guid(e88ec5bd797920841a48ef9c6aabf0cf) Importer(815301076,1909f56bfc062723c751e8b465ee728b)  -> (artifact id: '4c9e42ae6e205e5e0339e04925356ed9') in 0.035050 seconds
  Import took 0.044755 seconds .

========================================================================
Received Import Request.
  Time since last request: 4.382508 seconds.
  path: Assets/Sprites/Lance_Upgrade.png
  artifactKey: Guid(e88ec5bd797920841a48ef9c6aabf0cf) Importer(815301076,1909f56bfc062723c751e8b465ee728b)
Start importing Assets/Sprites/Lance_Upgrade.png using Guid(e88ec5bd797920841a48ef9c6aabf0cf) Importer(815301076,1909f56bfc062723c751e8b465ee728b)  -> (artifact id: 'f68d65cc88d7c32b57d0656cbe45d4c2') in 0.016218 seconds
  Import took 0.022768 seconds .

========================================================================
Received Import Request.
  Time since last request: 65.876868 seconds.
  path: Assets/Lance Upgrade pick up.prefab
  artifactKey: Guid(cd6e9bdeaf9e62840b6914fad6105e35) Importer(815301076,1909f56bfc062723c751e8b465ee728b)
Start importing Assets/Lance Upgrade pick up.prefab using Guid(cd6e9bdeaf9e62840b6914fad6105e35) Importer(815301076,1909f56bfc062723c751e8b465ee728b)  -> (artifact id: 'c427d75beaf90bfb2c29f56d20817def') in 0.028567 seconds
  Import took 0.036686 seconds .

========================================================================
Received Import Request.
  Time since last request: 30.925046 seconds.
  path: Assets/Sprites/Doors.png
  artifactKey: Guid(0246ae3e674633542ad177f806027f28) Importer(815301076,1909f56bfc062723c751e8b465ee728b)
Start importing Assets/Sprites/Doors.png using Guid(0246ae3e674633542ad177f806027f28) Importer(815301076,1909f56bfc062723c751e8b465ee728b)  -> (artifact id: 'c508b9697d1845493ea2c2dc646ca157') in 0.017955 seconds
  Import took 0.025352 seconds .

========================================================================
Received Import Request.
  Time since last request: 0.090194 seconds.
  path: Assets/Sprites/Doors.png
  artifactKey: Guid(0246ae3e674633542ad177f806027f28) Importer(815301076,1909f56bfc062723c751e8b465ee728b)
Start importing Assets/Sprites/Doors.png using Guid(0246ae3e674633542ad177f806027f28) Importer(815301076,1909f56bfc062723c751e8b465ee728b)  -> (artifact id: 'c508b9697d1845493ea2c2dc646ca157') in 0.016693 seconds
  Import took 0.024101 seconds .

========================================================================
Received Import Request.
  Time since last request: 12.686606 seconds.
  path: Assets/Sprites/Doors.png
  artifactKey: Guid(0246ae3e674633542ad177f806027f28) Importer(815301076,1909f56bfc062723c751e8b465ee728b)
Start importing Assets/Sprites/Doors.png using Guid(0246ae3e674633542ad177f806027f28) Importer(815301076,1909f56bfc062723c751e8b465ee728b)  -> (artifact id: '4df21c99f04b0ef2faa735d2201a9ee4') in 0.051426 seconds
  Import took 0.060901 seconds .

========================================================================
Received Import Request.
  Time since last request: 96.374662 seconds.
  path: Assets/Prefabs/Door closed.anim
  artifactKey: Guid(0e1ff32698f44494fbaf323a388cf0c3) Importer(815301076,1909f56bfc062723c751e8b465ee728b)
Start importing Assets/Prefabs/Door closed.anim using Guid(0e1ff32698f44494fbaf323a388cf0c3) Importer(815301076,1909f56bfc062723c751e8b465ee728b)  -> (artifact id: '218da98853ba45d640e116857a02390c') in 0.015653 seconds
  Import took 0.022193 seconds .

========================================================================
Received Import Request.
  Time since last request: 1.044292 seconds.
  path: Assets/Prefabs/Door Open.anim
  artifactKey: Guid(0fea6515a769d8043a92619d79b9dd61) Importer(815301076,1909f56bfc062723c751e8b465ee728b)
Start importing Assets/Prefabs/Door Open.anim using Guid(0fea6515a769d8043a92619d79b9dd61) Importer(815301076,1909f56bfc062723c751e8b465ee728b)  -> (artifact id: '2e6eb61be36d480506e09a5372745330') in 0.016601 seconds
  Import took 0.024522 seconds .

========================================================================
Received Import Request.
  Time since last request: 15.390347 seconds.
  path: Assets/Animations/Doors
  artifactKey: Guid(3f248b944aedaf348bb4059185521b56) Importer(815301076,1909f56bfc062723c751e8b465ee728b)
Start importing Assets/Animations/Doors using Guid(3f248b944aedaf348bb4059185521b56) Importer(815301076,1909f56bfc062723c751e8b465ee728b)  -> (artifact id: '5e8b0946a4c1bcfc53233fc83e45ca1a') in 0.006456 seconds
  Import took 0.014541 seconds .

========================================================================
Received Import Request.
  Time since last request: 177.832023 seconds.
  path: Assets/Animations/Doors/Doors_0.controller
  artifactKey: Guid(b1ee2692c2d23504b971f1fc7fe71d29) Importer(815301076,1909f56bfc062723c751e8b465ee728b)
Start importing Assets/Animations/Doors/Doors_0.controller using Guid(b1ee2692c2d23504b971f1fc7fe71d29) Importer(815301076,1909f56bfc062723c751e8b465ee728b)  -> (artifact id: '3d87a16cec59c644bc0d91f70fe9d590') in 0.014080 seconds
  Import took 0.023960 seconds .

========================================================================
Received Import Request.
  Time since last request: 0.001310 seconds.
  path: Assets/Animations/Doors/Doors_0.controller
  artifactKey: Guid(b1ee2692c2d23504b971f1fc7fe71d29) Importer(815301076,1909f56bfc062723c751e8b465ee728b)
Start importing Assets/Animations/Doors/Doors_0.controller using Guid(b1ee2692c2d23504b971f1fc7fe71d29) Importer(815301076,1909f56bfc062723c751e8b465ee728b)  -> (artifact id: '3d87a16cec59c644bc0d91f70fe9d590') in 0.007475 seconds
  Import took 0.014596 seconds .

========================================================================
Received Import Request.
  Time since last request: 8.157120 seconds.
  path: Assets/Animations/Doors/Door.controller
  artifactKey: Guid(b1ee2692c2d23504b971f1fc7fe71d29) Importer(815301076,1909f56bfc062723c751e8b465ee728b)
Start importing Assets/Animations/Doors/Door.controller using Guid(b1ee2692c2d23504b971f1fc7fe71d29) Importer(815301076,1909f56bfc062723c751e8b465ee728b)  -> (artifact id: 'a4969af5864fb3b0c003dd606da2e76e') in 0.013510 seconds
  Import took 0.021804 seconds .

========================================================================
Received Import Request.
  Time since last request: 5.171476 seconds.
  path: Assets/Animations/Doors/Door 1.controller
  artifactKey: Guid(b1ee2692c2d23504b971f1fc7fe71d29) Importer(815301076,1909f56bfc062723c751e8b465ee728b)
Start importing Assets/Animations/Doors/Door 1.controller using Guid(b1ee2692c2d23504b971f1fc7fe71d29) Importer(815301076,1909f56bfc062723c751e8b465ee728b)  -> (artifact id: '7c643aa8318b5cc80e972bf2fa5ec7dd') in 0.017323 seconds
  Import took 0.027381 seconds .

========================================================================
Received Import Request.
  Time since last request: 5.814051 seconds.
  path: Assets/Animations/Doors/Door Open 4.anim
  artifactKey: Guid(c95f633d5fdd6194483125c5d829b8ea) Importer(815301076,1909f56bfc062723c751e8b465ee728b)
Start importing Assets/Animations/Doors/Door Open 4.anim using Guid(c95f633d5fdd6194483125c5d829b8ea) Importer(815301076,1909f56bfc062723c751e8b465ee728b)  -> (artifact id: 'bb104e59e59e62df3fb98f549a03924c') in 0.014586 seconds
  Import took 0.019925 seconds .

========================================================================
Received Import Request.
  Time since last request: 3.912368 seconds.
  path: Assets/Animations/Doors/Door closed 2.anim
  artifactKey: Guid(25b113d12e6052845bd142a35d0f677a) Importer(815301076,1909f56bfc062723c751e8b465ee728b)
Start importing Assets/Animations/Doors/Door closed 2.anim using Guid(25b113d12e6052845bd142a35d0f677a) Importer(815301076,1909f56bfc062723c751e8b465ee728b)  -> (artifact id: '9b61f35fdbf350adb8e22b418d12be63') in 0.018264 seconds
  Import took 0.027672 seconds .

========================================================================
Received Import Request.
  Time since last request: 0.001795 seconds.
  path: Assets/Animations/Doors/Door closed 2.anim
  artifactKey: Guid(25b113d12e6052845bd142a35d0f677a) Importer(815301076,1909f56bfc062723c751e8b465ee728b)
Start importing Assets/Animations/Doors/Door closed 2.anim using Guid(25b113d12e6052845bd142a35d0f677a) Importer(815301076,1909f56bfc062723c751e8b465ee728b)  -> (artifact id: '9b61f35fdbf350adb8e22b418d12be63') in 0.005767 seconds
  Import took 0.011152 seconds .

========================================================================
Received Import Request.
  Time since last request: 10.101987 seconds.
  path: Assets/Prefabs/Door 1.prefab
  artifactKey: Guid(5656bd171cdcdc241aa1be01db0fec78) Importer(815301076,1909f56bfc062723c751e8b465ee728b)
Start importing Assets/Prefabs/Door 1.prefab using Guid(5656bd171cdcdc241aa1be01db0fec78) Importer(815301076,1909f56bfc062723c751e8b465ee728b) The Animator Controller (Doors_0) you have used is not valid. Animations will not play
UnityEngine.StackTraceUtility:ExtractStackTrace ()
UnityEditor.EditorUtility:Internal_InstantiateRemoveAllNonAnimationComponentsSingle (UnityEngine.Object,UnityEngine.Vector3,UnityEngine.Quaternion)
UnityEditor.EditorUtility:InstantiateRemoveAllNonAnimationComponents (UnityEngine.Object,UnityEngine.Vector3,UnityEngine.Quaternion)
UnityEditor.EditorUtility:InstantiateForAnimatorPreview (UnityEngine.Object)
UnityEditor.GameObjectInspector/PreviewData:UpdateGameObject (UnityEngine.Object)
UnityEditor.GameObjectInspector/PreviewData:.ctor (UnityEngine.Object)
UnityEditor.GameObjectInspector:GetPreviewData ()
UnityEditor.GameObjectInspector:RenderStaticPreview (string,UnityEngine.Object[],int,int)
UnityEditor.AssetPreviewUpdater:CreatePreviewForAsset (UnityEngine.Object,UnityEngine.Object[],string)

[C:\buildslave\unity\build\Modules/Animation/Director/AnimatorControllerPlayable.cpp line 332]

The Animator Controller (Doors_0) you have used is not valid. Animations will not play
UnityEngine.StackTraceUtility:ExtractStackTrace ()
UnityEditor.EditorUtility:InitInstantiatedPreviewRecursive (UnityEngine.GameObject)
UnityEditor.EditorUtility:InstantiateForAnimatorPreview (UnityEngine.Object)
UnityEditor.GameObjectInspector/PreviewData:UpdateGameObject (UnityEngine.Object)
UnityEditor.GameObjectInspector/PreviewData:.ctor (UnityEngine.Object)
UnityEditor.GameObjectInspector:GetPreviewData ()
UnityEditor.GameObjectInspector:RenderStaticPreview (string,UnityEngine.Object[],int,int)
UnityEditor.AssetPreviewUpdater:CreatePreviewForAsset (UnityEngine.Object,UnityEngine.Object[],string)

[C:\buildslave\unity\build\Modules/Animation/Director/AnimatorControllerPlayable.cpp line 332]

 -> (artifact id: '5434d60851c5fc3e75f96f25de0dc489') in 0.034501 seconds
  Import took 0.042703 seconds .

========================================================================
Received Import Request.
  Time since last request: 1.539254 seconds.
  path: Assets/Prefabs/Door 2.prefab
  artifactKey: Guid(c543137a8b311ce4bb79b964d5287360) Importer(815301076,1909f56bfc062723c751e8b465ee728b)
Start importing Assets/Prefabs/Door 2.prefab using Guid(c543137a8b311ce4bb79b964d5287360) Importer(815301076,1909f56bfc062723c751e8b465ee728b) The Animator Controller (Door 2) you have used is not valid. Animations will not play
UnityEngine.StackTraceUtility:ExtractStackTrace ()
UnityEditor.EditorUtility:Internal_InstantiateRemoveAllNonAnimationComponentsSingle (UnityEngine.Object,UnityEngine.Vector3,UnityEngine.Quaternion)
UnityEditor.EditorUtility:InstantiateRemoveAllNonAnimationComponents (UnityEngine.Object,UnityEngine.Vector3,UnityEngine.Quaternion)
UnityEditor.EditorUtility:InstantiateForAnimatorPreview (UnityEngine.Object)
UnityEditor.GameObjectInspector/PreviewData:UpdateGameObject (UnityEngine.Object)
UnityEditor.GameObjectInspector/PreviewData:.ctor (UnityEngine.Object)
UnityEditor.GameObjectInspector:GetPreviewData ()
UnityEditor.GameObjectInspector:RenderStaticPreview (string,UnityEngine.Object[],int,int)
UnityEditor.AssetPreviewUpdater:CreatePreviewForAsset (UnityEngine.Object,UnityEngine.Object[],string)

[C:\buildslave\unity\build\Modules/Animation/Director/AnimatorControllerPlayable.cpp line 332]

The Animator Controller (Door 2) you have used is not valid. Animations will not play
UnityEngine.StackTraceUtility:ExtractStackTrace ()
UnityEditor.EditorUtility:InitInstantiatedPreviewRecursive (UnityEngine.GameObject)
UnityEditor.EditorUtility:InstantiateForAnimatorPreview (UnityEngine.Object)
UnityEditor.GameObjectInspector/PreviewData:UpdateGameObject (UnityEngine.Object)
UnityEditor.GameObjectInspector/PreviewData:.ctor (UnityEngine.Object)
UnityEditor.GameObjectInspector:GetPreviewData ()
UnityEditor.GameObjectInspector:RenderStaticPreview (string,UnityEngine.Object[],int,int)
UnityEditor.AssetPreviewUpdater:CreatePreviewForAsset (UnityEngine.Object,UnityEngine.Object[],string)

[C:\buildslave\unity\build\Modules/Animation/Director/AnimatorControllerPlayable.cpp line 332]

 -> (artifact id: '9345038bf0cb5c14300a9ea87ba00545') in 0.135953 seconds
  Import took 0.143661 seconds .

========================================================================
Received Import Request.
  Time since last request: 1.311040 seconds.
  path: Assets/Prefabs/Door 3.prefab
  artifactKey: Guid(bf278761417bcdf4dbe3da38380e07c8) Importer(815301076,1909f56bfc062723c751e8b465ee728b)
Start importing Assets/Prefabs/Door 3.prefab using Guid(bf278761417bcdf4dbe3da38380e07c8) Importer(815301076,1909f56bfc062723c751e8b465ee728b) The Animator Controller (Door 3) you have used is not valid. Animations will not play
UnityEngine.StackTraceUtility:ExtractStackTrace ()
UnityEditor.EditorUtility:Internal_InstantiateRemoveAllNonAnimationComponentsSingle (UnityEngine.Object,UnityEngine.Vector3,UnityEngine.Quaternion)
UnityEditor.EditorUtility:InstantiateRemoveAllNonAnimationComponents (UnityEngine.Object,UnityEngine.Vector3,UnityEngine.Quaternion)
UnityEditor.EditorUtility:InstantiateForAnimatorPreview (UnityEngine.Object)
UnityEditor.GameObjectInspector/PreviewData:UpdateGameObject (UnityEngine.Object)
UnityEditor.GameObjectInspector/PreviewData:.ctor (UnityEngine.Object)
UnityEditor.GameObjectInspector:GetPreviewData ()
UnityEditor.GameObjectInspector:RenderStaticPreview (string,UnityEngine.Object[],int,int)
UnityEditor.AssetPreviewUpdater:CreatePreviewForAsset (UnityEngine.Object,UnityEngine.Object[],string)

[C:\buildslave\unity\build\Modules/Animation/Director/AnimatorControllerPlayable.cpp line 332]

The Animator Controller (Door 3) you have used is not valid. Animations will not play
UnityEngine.StackTraceUtility:ExtractStackTrace ()
UnityEditor.EditorUtility:InitInstantiatedPreviewRecursive (UnityEngine.GameObject)
UnityEditor.EditorUtility:InstantiateForAnimatorPreview (UnityEngine.Object)
UnityEditor.GameObjectInspector/PreviewData:UpdateGameObject (UnityEngine.Object)
UnityEditor.GameObjectInspector/PreviewData:.ctor (UnityEngine.Object)
UnityEditor.GameObjectInspector:GetPreviewData ()
UnityEditor.GameObjectInspector:RenderStaticPreview (string,UnityEngine.Object[],int,int)
UnityEditor.AssetPreviewUpdater:CreatePreviewForAsset (UnityEngine.Object,UnityEngine.Object[],string)

[C:\buildslave\unity\build\Modules/Animation/Director/AnimatorControllerPlayable.cpp line 332]

 -> (artifact id: 'f7d9ee06bc0fc3d8a81d17bd2be4c83f') in 0.046697 seconds
  Import took 0.052885 seconds .

========================================================================
Received Import Request.
  Time since last request: 1.430957 seconds.
  path: Assets/Prefabs/Door 4.prefab
  artifactKey: Guid(6d5e3804c90ad1940a963e9bb2daa8b9) Importer(815301076,1909f56bfc062723c751e8b465ee728b)
Start importing Assets/Prefabs/Door 4.prefab using Guid(6d5e3804c90ad1940a963e9bb2daa8b9) Importer(815301076,1909f56bfc062723c751e8b465ee728b) The Animator Controller (Door 4) you have used is not valid. Animations will not play
UnityEngine.StackTraceUtility:ExtractStackTrace ()
UnityEditor.EditorUtility:Internal_InstantiateRemoveAllNonAnimationComponentsSingle (UnityEngine.Object,UnityEngine.Vector3,UnityEngine.Quaternion)
UnityEditor.EditorUtility:InstantiateRemoveAllNonAnimationComponents (UnityEngine.Object,UnityEngine.Vector3,UnityEngine.Quaternion)
UnityEditor.EditorUtility:InstantiateForAnimatorPreview (UnityEngine.Object)
UnityEditor.GameObjectInspector/PreviewData:UpdateGameObject (UnityEngine.Object)
UnityEditor.GameObjectInspector/PreviewData:.ctor (UnityEngine.Object)
UnityEditor.GameObjectInspector:GetPreviewData ()
UnityEditor.GameObjectInspector:RenderStaticPreview (string,UnityEngine.Object[],int,int)
UnityEditor.AssetPreviewUpdater:CreatePreviewForAsset (UnityEngine.Object,UnityEngine.Object[],string)

[C:\buildslave\unity\build\Modules/Animation/Director/AnimatorControllerPlayable.cpp line 332]

The Animator Controller (Door 4) you have used is not valid. Animations will not play
UnityEngine.StackTraceUtility:ExtractStackTrace ()
UnityEditor.EditorUtility:InitInstantiatedPreviewRecursive (UnityEngine.GameObject)
UnityEditor.EditorUtility:InstantiateForAnimatorPreview (UnityEngine.Object)
UnityEditor.GameObjectInspector/PreviewData:UpdateGameObject (UnityEngine.Object)
UnityEditor.GameObjectInspector/PreviewData:.ctor (UnityEngine.Object)
UnityEditor.GameObjectInspector:GetPreviewData ()
UnityEditor.GameObjectInspector:RenderStaticPreview (string,UnityEngine.Object[],int,int)
UnityEditor.AssetPreviewUpdater:CreatePreviewForAsset (UnityEngine.Object,UnityEngine.Object[],string)

[C:\buildslave\unity\build\Modules/Animation/Director/AnimatorControllerPlayable.cpp line 332]

 -> (artifact id: 'ed62d692863cf199bb41f03f52ee4cad') in 0.063970 seconds
  Import took 0.077752 seconds .

AssetImportWorkerClient::OnTransportError - code=2 error=End of file
